{"name": "test_make_order[Order button on header]", "status": "broken", "statusDetails": {"message": "selenium.common.exceptions.TimeoutException: Message: \nStacktrace:\nRemoteError@chrome://remote/content/shared/RemoteError.sys.mjs:8:8\nWebDriverError@chrome://remote/content/shared/webdriver/Errors.sys.mjs:193:5\nNoSuchElementError@chrome://remote/content/shared/webdriver/Errors.sys.mjs:511:5\ndom.find/</<@chrome://remote/content/shared/DOM.sys.mjs:136:16", "trace": "self = <tests.test_order_page.TestOrderPage object at 0x0000019336144740>, driver = <selenium.webdriver.firefox.webdriver.WebDriver (session=\"47ffb0d3-d0d5-47f5-8ffa-36c5197cd5cc\")>\norder_button = ('xpath', '//button[contains(text(), \"Заказать\")]')\n\n    @pytest.mark.parametrize(\n        \"order_button\",\n        [\n            OrderPageLocators.ORDER_BUTTON,\n            OrderPageLocators.ORDER_BUTTON_SCROLL\n        ],\n        ids=[\n            'Order button on header',\n            'Order button with scroll'\n        ]\n    )\n    def test_make_order(self, driver, order_button):\n        order_page = OrderPage(driver)\n        if order_button == OrderPageLocators.ORDER_BUTTON_SCROLL:\n            order_page.scroll_make_order()\n        else:\n>           order_page.make_order()\n\ntests\\test_order_page.py:25: \n_ _ _ _ _ _ _ _ _ _ _ _ _ _ _ _ _ _ _ _ _ _ _ _ _ _ _ _ _ _ _ _ _ _ _ _ _ _ _ _ _ _ _ _ _ _ _ _ _ _ _ _ _ _ _ _ _ _ _ _ _ _ _ _ _ _ _ _ _ _ _ _ _ _ _ _ _ _ _ _ _ _ _ _ _ _ _ _ _ _ _ _\npages\\order_page.py:16: in make_order\n    self.click_to_element(OrderPageLocators.FIRST_STATION)\npages\\base_page.py:14: in click_to_element\n    WebDriverWait(self.driver, 3).until(expected_conditions.element_to_be_clickable(locator))\n_ _ _ _ _ _ _ _ _ _ _ _ _ _ _ _ _ _ _ _ _ _ _ _ _ _ _ _ _ _ _ _ _ _ _ _ _ _ _ _ _ _ _ _ _ _ _ _ _ _ _ _ _ _ _ _ _ _ _ _ _ _ _ _ _ _ _ _ _ _ _ _ _ _ _ _ _ _ _ _ _ _ _ _ _ _ _ _ _ _ _ _\n\nself = <selenium.webdriver.support.wait.WebDriverWait (session=\"47ffb0d3-d0d5-47f5-8ffa-36c5197cd5cc\")>\nmethod = <function element_to_be_clickable.<locals>._predicate at 0x00000193361BCFE0>, message = ''\n\n    def until(self, method: Callable[[D], Union[Literal[False], T]], message: str = \"\") -> T:\n        \"\"\"Calls the method provided with the driver as an argument until the \\\n        return value does not evaluate to ``False``.\n    \n        :param method: callable(WebDriver)\n        :param message: optional message for :exc:`TimeoutException`\n        :returns: the result of the last call to `method`\n        :raises: :exc:`selenium.common.exceptions.TimeoutException` if timeout occurs\n        \"\"\"\n        screen = None\n        stacktrace = None\n    \n        end_time = time.monotonic() + self._timeout\n        while True:\n            try:\n                value = method(self._driver)\n                if value:\n                    return value\n            except self._ignored_exceptions as exc:\n                screen = getattr(exc, \"screen\", None)\n                stacktrace = getattr(exc, \"stacktrace\", None)\n            time.sleep(self._poll)\n            if time.monotonic() > end_time:\n                break\n>       raise TimeoutException(message, screen, stacktrace)\nE       selenium.common.exceptions.TimeoutException: Message: \nE       Stacktrace:\nE       RemoteError@chrome://remote/content/shared/RemoteError.sys.mjs:8:8\nE       WebDriverError@chrome://remote/content/shared/webdriver/Errors.sys.mjs:193:5\nE       NoSuchElementError@chrome://remote/content/shared/webdriver/Errors.sys.mjs:511:5\nE       dom.find/</<@chrome://remote/content/shared/DOM.sys.mjs:136:16\n\n..\\..\\AppData\\Local\\Programs\\Python\\Python312\\Lib\\site-packages\\selenium\\webdriver\\support\\wait.py:105: TimeoutException"}, "parameters": [{"name": "order_button", "value": "('xpath', '//button[contains(text(), \"Заказать\")]')"}], "start": 1717950907270, "stop": 1717950911222, "uuid": "aa29fd47-e12e-45e6-9920-fa209c8a226e", "historyId": "e3021f184b3f548a7c24a1ca83b72fee", "testCaseId": "190730e22e71f099d98abfda19d549aa", "fullName": "tests.test_order_page.TestOrderPage#test_make_order", "labels": [{"name": "parentSuite", "value": "tests"}, {"name": "suite", "value": "test_order_page"}, {"name": "subSuite", "value": "TestOrderPage"}, {"name": "host", "value": "LAPTOP-GCA4K5A1"}, {"name": "thread", "value": "25860-MainThread"}, {"name": "framework", "value": "pytest"}, {"name": "language", "value": "cpython3"}, {"name": "package", "value": "tests.test_order_page"}]}